<?xml version="1.0" encoding="UTF-8"?>
<!-- Generated by org.testng.reporters.JUnitReportReporter -->
<testsuite skipped="0" hostname="Admin-PC" name="com.qa.hubspot.test.ContactPageTest" tests="5" failures="0" timestamp="2020-08-26T13:12:05 EDT" time="104.078" errors="0">
  <testcase name="createNewContactTest" time="23.176" classname="com.qa.hubspot.test.ContactPageTest"/>
  <testcase name="createNewContactTest" time="21.199" classname="com.qa.hubspot.test.ContactPageTest"/>
  <testcase name="verifyContactsPageTitleTest" time="17.291" classname="com.qa.hubspot.test.ContactPageTest"/>
  <testcase name="createNewContactTest" time="20.760" classname="com.qa.hubspot.test.ContactPageTest"/>
  <testcase name="createNewContactTest" time="21.652" classname="com.qa.hubspot.test.ContactPageTest"/>
</testsuite> <!-- com.qa.hubspot.test.ContactPageTest -->
