<?xml version="1.0" encoding="UTF-8"?>
<!-- Generated by org.testng.reporters.JUnitReportReporter -->
<testsuite skipped="0" hostname="Admin-PC" name="com.qa.hubspot.test.LoginPageTest" tests="5" failures="0" timestamp="2020-08-27T05:00:10 EDT" time="11.390" errors="0">
  <testcase name="verifyloginPagetitle" time="6.739" classname="com.qa.hubspot.test.LoginPageTest"/>
  <testcase name="verifySignUpLinkTest" time="0.087" classname="com.qa.hubspot.test.LoginPageTest"/>
  <testcase name="verifyLoginTest" time="4.564" classname="com.qa.hubspot.test.LoginPageTest"/>
  <testcase name="gittest" time="0.000" classname="com.qa.hubspot.test.LoginPageTest"/>
  <testcase name="gittest2" time="0.000" classname="com.qa.hubspot.test.LoginPageTest"/>
</testsuite> <!-- com.qa.hubspot.test.LoginPageTest -->
